<?xml version="1.0" encoding="UTF-8"?>
<testng-results ignored="0" total="1" passed="1" failed="0" skipped="0">
  <reporter-output>
  </reporter-output>
  <suite started-at="2024-12-09T10:45:55 IST" name="Suite" finished-at="2024-12-09T10:45:59 IST" duration-ms="4030">
    <groups>
    </groups>
    <test started-at="2024-12-09T10:45:55 IST" name="Test" finished-at="2024-12-09T10:45:59 IST" duration-ms="4030">
      <class name="GitDemo.Test.NewTest">
        <test-method signature="f()[pri:0, instance:GitDemo.Test.NewTest@58ea606c]" started-at="2024-12-09T10:45:55 IST" name="f" finished-at="2024-12-09T10:45:59 IST" duration-ms="3995" status="PASS">
          <reporter-output>
          </reporter-output>
        </test-method> <!-- f -->
      </class> <!-- GitDemo.Test.NewTest -->
    </test> <!-- Test -->
  </suite> <!-- Suite -->
</testng-results>
