<?xml version="1.0" encoding="UTF-8"?>
<testng-results ignored="0" total="1" passed="1" failed="0" skipped="0">
  <reporter-output>
  </reporter-output>
  <suite started-at="2024-12-01T23:08:55 IST" name="Default suite" finished-at="2024-12-01T23:09:04 IST" duration-ms="8450">
    <groups>
    </groups>
    <test started-at="2024-12-01T23:08:55 IST" name="Default test" finished-at="2024-12-01T23:09:04 IST" duration-ms="8450">
      <class name="GitDemo.Test.NewTest">
        <test-method signature="f()[pri:0, instance:GitDemo.Test.NewTest@41a0aa7d]" started-at="2024-12-01T23:08:56 IST" name="f" finished-at="2024-12-01T23:09:04 IST" duration-ms="8375" status="PASS">
          <reporter-output>
          </reporter-output>
        </test-method> <!-- f -->
      </class> <!-- GitDemo.Test.NewTest -->
    </test> <!-- Default test -->
  </suite> <!-- Default suite -->
</testng-results>
